2026-05-03 09:53:55 [INF] Secure API Gateway running. Swagger: http://localhost:5000/swagger
2026-05-03 09:53:55 [INF] User profile is available. Using 'C:\Users\USER\AppData\Local\ASP.NET\DataProtection-Keys' as key repository and Windows DPAPI to encrypt keys at rest.
2026-05-03 09:53:55 [INF] Now listening on: http://localhost:5094
2026-05-03 09:53:56 [INF] Application started. Press Ctrl+C to shut down.
2026-05-03 09:53:56 [INF] Hosting environment: Development
2026-05-03 09:53:56 [INF] Content root path: C:\Users\USER\Downloads\SecureAPIGatway\SecureAPIGatway\SecureAPIGateway
2026-05-03 09:54:24 [INF] Request starting HTTP/1.1 GET http://localhost:5094/ - null null
2026-05-03 09:54:25 [WRN] [Gateway] ::1 GET / → 404 (305.0615ms)
2026-05-03 09:54:25 [INF] Request finished HTTP/1.1 GET http://localhost:5094/ - 404 0 null 528.7246ms
2026-05-03 09:54:25 [INF] Request reached the end of the middleware pipeline without being handled by application code. Request path: GET http://localhost:5094/, Response status code: 404
2026-05-03 09:57:52 [INF] Request starting HTTP/1.1 GET http://localhost:5094/ - null null
2026-05-03 09:57:52 [WRN] [Gateway] ::1 GET / → 404 (11.5983ms)
2026-05-03 09:57:52 [INF] Request finished HTTP/1.1 GET http://localhost:5094/ - 404 0 null 37.1514ms
2026-05-03 09:57:52 [INF] Request reached the end of the middleware pipeline without being handled by application code. Request path: GET http://localhost:5094/, Response status code: 404
2026-05-03 09:58:04 [INF] Request starting HTTP/1.1 GET http://localhost:5094/ - null null
2026-05-03 09:58:04 [WRN] [Gateway] ::1 GET / → 404 (10.2472ms)
2026-05-03 09:58:04 [INF] Request finished HTTP/1.1 GET http://localhost:5094/ - 404 0 null 35.1019ms
2026-05-03 09:58:04 [INF] Request reached the end of the middleware pipeline without being handled by application code. Request path: GET http://localhost:5094/, Response status code: 404
2026-05-03 10:04:10 [INF] Application is shutting down...
2026-05-03 10:04:26 [INF] Secure API Gateway running. Swagger: http://localhost:5000/swagger
2026-05-03 10:04:26 [INF] User profile is available. Using 'C:\Users\USER\AppData\Local\ASP.NET\DataProtection-Keys' as key repository and Windows DPAPI to encrypt keys at rest.
2026-05-03 10:04:26 [INF] Now listening on: http://localhost:5094
2026-05-03 10:04:26 [INF] Application started. Press Ctrl+C to shut down.
2026-05-03 10:04:26 [INF] Hosting environment: Development
2026-05-03 10:04:26 [INF] Content root path: C:\Users\USER\Downloads\SecureAPIGatway\SecureAPIGatway\SecureAPIGateway
2026-05-03 10:04:55 [INF] Request starting HTTP/1.1 GET http://localhost:5094/swagger - null null
2026-05-03 10:04:55 [INF] Request finished HTTP/1.1 GET http://localhost:5094/swagger - 301 0 null 100.9845ms
2026-05-03 10:04:56 [INF] Request starting HTTP/1.1 GET http://localhost:5094/swagger/index.html - null null
2026-05-03 10:04:56 [INF] Request finished HTTP/1.1 GET http://localhost:5094/swagger/index.html - 200 null text/html;charset=utf-8 140.6721ms
2026-05-03 10:04:56 [INF] Request starting HTTP/1.1 GET http://localhost:5094/swagger/swagger-ui.css - null null
2026-05-03 10:04:56 [INF] Request starting HTTP/1.1 GET http://localhost:5094/swagger/index.css - null null
2026-05-03 10:04:56 [INF] Request starting HTTP/1.1 GET http://localhost:5094/swagger/swagger-ui-standalone-preset.js - null null
2026-05-03 10:04:56 [INF] Request starting HTTP/1.1 GET http://localhost:5094/swagger/swagger-ui-bundle.js - null null
2026-05-03 10:04:56 [INF] Request starting HTTP/1.1 GET http://localhost:5094/swagger/index.js - null null
2026-05-03 10:04:56 [INF] Sending file. Request path: '/index.css'. Physical path: 'N/A'
2026-05-03 10:04:56 [INF] Request finished HTTP/1.1 GET http://localhost:5094/swagger/index.js - 200 null application/javascript;charset=utf-8 68.8253ms
2026-05-03 10:04:56 [INF] Request finished HTTP/1.1 GET http://localhost:5094/swagger/index.css - 200 202 text/css 78.7657ms
2026-05-03 10:04:56 [INF] Sending file. Request path: '/swagger-ui.css'. Physical path: 'N/A'
2026-05-03 10:04:56 [INF] Sending file. Request path: '/swagger-ui-standalone-preset.js'. Physical path: 'N/A'
2026-05-03 10:04:56 [INF] Sending file. Request path: '/swagger-ui-bundle.js'. Physical path: 'N/A'
2026-05-03 10:04:56 [INF] Request finished HTTP/1.1 GET http://localhost:5094/swagger/swagger-ui.css - 200 152034 text/css 143.7606ms
2026-05-03 10:04:56 [INF] Request finished HTTP/1.1 GET http://localhost:5094/swagger/swagger-ui-standalone-preset.js - 200 230293 text/javascript 136.4609ms
2026-05-03 10:04:56 [INF] Request finished HTTP/1.1 GET http://localhost:5094/swagger/swagger-ui-bundle.js - 200 1452753 text/javascript 139.2602ms
2026-05-03 10:04:56 [INF] Request starting HTTP/1.1 GET http://localhost:5094/swagger/v1/swagger.json - null null
2026-05-03 10:04:56 [INF] Request starting HTTP/1.1 GET http://localhost:5094/swagger/favicon-32x32.png - null null
2026-05-03 10:04:56 [INF] Sending file. Request path: '/favicon-32x32.png'. Physical path: 'N/A'
2026-05-03 10:04:56 [INF] Request finished HTTP/1.1 GET http://localhost:5094/swagger/favicon-32x32.png - 200 628 image/png 18.7005ms
2026-05-03 10:04:57 [INF] Request finished HTTP/1.1 GET http://localhost:5094/swagger/v1/swagger.json - 200 null application/json;charset=utf-8 362.21ms
2026-05-03 10:05:18 [INF] Application is shutting down...
